[rag-runner 2026-03-28T21:59:22.263Z] starting {
  appRoot: 'C:\\Users\\benja\\Documents\\custom_portfolio\\apps\\portfolio'
}
[rag-runner 2026-03-28T21:59:22.269Z] bundling entry {
  entry: 'C:\\Users\\benja\\Documents\\custom_portfolio\\apps\\portfolio\\scripts\\rag-ingest-entry.ts'
}
[rag-runner 2026-03-28T21:59:22.320Z] bundle ready {
  outfile: 'C:\\Users\\benja\\Documents\\custom_portfolio\\apps\\portfolio\\.tmp\\portfolio-rag-KikFnw\\rag-ingest.mjs'
}
[rag-ingest 2026-03-28T21:59:25.254Z] starting ingest run {
  triggeredBy: 'script',
  payloadDb: 'C:\\Users\\benja\\Documents\\custom_portfolio\\apps\\portfolio\\portfolio.db'
}
[rag-ingest 2026-03-28T21:59:25.264Z] payload db cleanup complete
[⣷] Pulling schema from database...
[2K[1G[✓] Pulling schema from database...
[16:59:25] [33mWARN[39m: [36mNo email adapter provided. Email will be written to console. More info at https://payloadcms.com/docs/email/overview.[39m
[rag-ingest 2026-03-28T21:59:25.724Z] payload client ready
[rag-ingest 2026-03-28T21:59:25.800Z] ingest run created { runId: '8' }
[rag-ingest 2026-03-28T21:59:26.191Z] source snapshot loaded { sourceCount: 37 }
[rag-ingest 2026-03-28T21:59:26.219Z] loaded existing payload state { existingSourceCount: 37, activeRunId: null }
[rag-ingest 2026-03-28T21:59:26.220Z] stale source scan complete { deletedSources: 0 }
[rag-ingest 2026-03-28T21:59:26.243Z] embedding source chunks {
  sourceId: 'blog:building-a-file-based-portfolio-with-nextjs-and-mdx',
  chunkCount: 19
}
[rag-ingest 2026-03-28T21:59:27.444Z] embedding source chunks {
  sourceId: 'blog:building-a-game-cms-enterprise-narrative-platform',
  chunkCount: 12
}
[rag-ingest 2026-03-28T21:59:28.194Z] embedding source chunks {
  sourceId: 'blog:building-colorfull-ai-technologies-that-scaled',
  chunkCount: 18
}
[rag-ingest 2026-03-28T21:59:28.946Z] embedding source chunks { sourceId: 'blog:building-the-richepub-toolchain', chunkCount: 4 }
[rag-ingest 2026-03-28T21:59:29.463Z] embedding source chunks { sourceId: 'blog:introducing-richepub', chunkCount: 4 }
[rag-ingest 2026-03-28T21:59:29.901Z] embedding source chunks {
  sourceId: 'blog:making-the-site-more-personal-reader-and-repo-structure',
  chunkCount: 16
}
[rag-ingest 2026-03-28T21:59:30.644Z] embedding source chunks { sourceId: 'blog:reading-repub-in-the-browser', chunkCount: 4 }
[rag-ingest 2026-03-28T21:59:31.135Z] embedding source chunks { sourceId: 'blog:richepub-format-spec', chunkCount: 5 }
[rag-ingest 2026-03-28T21:59:31.538Z] embedding source chunks { sourceId: 'docs:books/book-structure', chunkCount: 6 }
[rag-ingest 2026-03-28T21:59:32.100Z] embedding source chunks { sourceId: 'docs:books/mordreds-tale-decisions', chunkCount: 2 }
[rag-ingest 2026-03-28T21:59:32.459Z] source progress {
  processedSources: 10,
  totalSources: 37,
  indexedChunks: 90,
  reusedChunks: 0,
  newlyEmbeddedSources: 10
}
[rag-ingest 2026-03-28T21:59:32.471Z] embedding source chunks { sourceId: 'docs:books/mordreds-tale-outline', chunkCount: 16 }
[rag-ingest 2026-03-28T21:59:33.139Z] embedding source chunks { sourceId: 'docs:books/mordreds-tale-state', chunkCount: 8 }
[rag-ingest 2026-03-28T21:59:33.613Z] embedding source chunks { sourceId: 'docs:books/mordreds-tale-task-registry', chunkCount: 6 }
[rag-ingest 2026-03-28T21:59:34.189Z] embedding source chunks { sourceId: 'docs:books/reader', chunkCount: 4 }
[rag-ingest 2026-03-28T21:59:34.620Z] embedding source chunks { sourceId: 'docs:dialogue-forge/architecture', chunkCount: 2 }
[rag-ingest 2026-03-28T21:59:35.218Z] embedding source chunks { sourceId: 'docs:dialogue-forge/dialogue-nodes', chunkCount: 11 }
[rag-ingest 2026-03-28T21:59:35.732Z] embedding source chunks { sourceId: 'docs:dialogue-forge/editing-guide', chunkCount: 6 }
[rag-ingest 2026-03-28T21:59:36.205Z] embedding source chunks { sourceId: 'docs:dialogue-forge/getting-started', chunkCount: 5 }
[rag-ingest 2026-03-28T21:59:36.633Z] embedding source chunks { sourceId: 'docs:dialogue-forge/overview', chunkCount: 6 }
[rag-ingest 2026-03-28T21:59:36.997Z] embedding source chunks { sourceId: 'docs:dialogue-forge/yarn-spinner', chunkCount: 7 }
[rag-ingest 2026-03-28T21:59:37.337Z] source progress {
  processedSources: 20,
  totalSources: 37,
  indexedChunks: 161,
  reusedChunks: 0,
  newlyEmbeddedSources: 20
}
[rag-ingest 2026-03-28T21:59:37.344Z] embedding source chunks {
  sourceId: 'docs:documentation/architecture-conventions',
  chunkCount: 8
}
[rag-ingest 2026-03-28T21:59:37.957Z] embedding source chunks { sourceId: 'docs:documentation/design-styling', chunkCount: 7 }
[rag-ingest 2026-03-28T21:59:38.416Z] embedding source chunks {
  sourceId: 'docs:documentation/portfolio-experience-redesign',
  chunkCount: 10
}
[rag-ingest 2026-03-28T21:59:38.916Z] embedding source chunks {
  sourceId: 'docs:documentation/resume-design-guidelines',
  chunkCount: 5
}
[rag-ingest 2026-03-28T21:59:39.442Z] embedding source chunks { sourceId: 'docs:documentation/vendoring', chunkCount: 7 }
[rag-ingest 2026-03-28T21:59:39.901Z] embedding source chunks {
  sourceId: 'docs:magicborn/borrowed-magic-and-the-relic-economy',
  chunkCount: 6
}
[rag-ingest 2026-03-28T21:59:40.309Z] embedding source chunks { sourceId: 'docs:magicborn/house-of-small-mercies', chunkCount: 6 }
[rag-ingest 2026-03-28T21:59:40.705Z] embedding source chunks {
  sourceId: 'docs:magicborn/jack-of-taro-and-the-logic-of-worth',
  chunkCount: 6
}
[rag-ingest 2026-03-28T21:59:41.096Z] embedding source chunks { sourceId: 'docs:magicborn/morgana-the-sleeping-root', chunkCount: 6 }
[rag-ingest 2026-03-28T21:59:41.556Z] embedding source chunks { sourceId: 'docs:repo-planner/getting-started', chunkCount: 3 }
[rag-ingest 2026-03-28T21:59:42.059Z] source progress {
  processedSources: 30,
  totalSources: 37,
  indexedChunks: 225,
  reusedChunks: 0,
  newlyEmbeddedSources: 30
}
[rag-ingest 2026-03-28T21:59:42.067Z] embedding source chunks { sourceId: 'docs:repo-planner/integration', chunkCount: 6 }
[rag-ingest 2026-03-28T21:59:42.611Z] embedding source chunks {
  sourceId: 'projects:bashful-ai-stable-diffusion-photoshop-plugin',
  chunkCount: 8
}
[rag-ingest 2026-03-28T21:59:43.028Z] embedding source chunks {
  sourceId: 'projects:colorfull-corporate-meal-delivery-platform',
  chunkCount: 32
}
[rag-ingest 2026-03-28T21:59:43.888Z] embedding source chunks {
  sourceId: 'projects:cvjson-computer-vision-json-library',
  chunkCount: 31
}
[rag-ingest 2026-03-28T21:59:44.673Z] embedding source chunks {
  sourceId: 'projects:dialogue-forge-interactive-narrative-builder',
  chunkCount: 11
}
[rag-ingest 2026-03-28T21:59:45.153Z] embedding source chunks {
  sourceId: 'projects:object-detection-ex-ml-optimization-framework',
  chunkCount: 14
}
[rag-ingest 2026-03-28T21:59:45.784Z] embedding source chunks {
  sourceId: 'projects:rapidcli-service-oriented-cli-framework',
  chunkCount: 41
}
[rag-ingest 2026-03-28T21:59:46.952Z] source progress {
  processedSources: 37,
  totalSources: 37,
  indexedChunks: 368,
  reusedChunks: 0,
  newlyEmbeddedSources: 37
}
[rag-ingest 2026-03-28T21:59:46.953Z] writing sidecar search rows { rowCount: 368, runId: '8' }
[rag-ingest 2026-03-28T21:59:47.149Z] sidecar search rows written
[rag-ingest 2026-03-28T21:59:47.188Z] new run chunks activated { runId: '8' }
[rag-ingest 2026-03-28T21:59:47.208Z] ingest run committed {
  runId: '8',
  indexedSources: 37,
  indexedChunks: 368,
  reusedChunks: 0,
  deletedSources: 0
}
{
  "runId": "8",
  "indexedSources": 37,
  "indexedChunks": 368,
  "reusedChunks": 0,
  "deletedSources": 0
}
[rag-runner 2026-03-28T22:19:45.893Z] child process finished { status: 0, signal: null }
[rag-runner 2026-03-28T22:19:45.915Z] cleaned temp bundle {
  tempDir: 'C:\\Users\\benja\\Documents\\custom_portfolio\\apps\\portfolio\\.tmp\\portfolio-rag-KikFnw'
}
