ValidationError: The following field is invalid: Source
    at beforeChange (file:///C:/Users/benja/Documents/custom_portfolio/node_modules/.pnpm/payload@3.80.0_graphql@16.13.2_typescript@5.9.3/node_modules/payload/dist/fields/hooks/beforeChange/index.js:40:15)
    at process.processTicksAndRejections (node:internal/process/task_queues:103:5)
    at async updateDocument (file:///C:/Users/benja/Documents/custom_portfolio/node_modules/.pnpm/payload@3.80.0_graphql@16.13.2_typescript@5.9.3/node_modules/payload/dist/collections/operations/utilities/update.js:153:18)
    at async updateByIDOperation (file:///C:/Users/benja/Documents/custom_portfolio/node_modules/.pnpm/payload@3.80.0_graphql@16.13.2_typescript@5.9.3/node_modules/payload/dist/collections/operations/updateByID.js:114:22)
    at async setChunkActiveState (file:///C:/Users/benja/Documents/custom_portfolio/apps/portfolio/.tmp/portfolio-rag-gElYYs/rag-ingest.mjs:861:5)
    at async ingestRagCorpus (file:///C:/Users/benja/Documents/custom_portfolio/apps/portfolio/.tmp/portfolio-rag-gElYYs/rag-ingest.mjs:1150:5)
    at async main (file:///C:/Users/benja/Documents/custom_portfolio/apps/portfolio/.tmp/portfolio-rag-gElYYs/rag-ingest.mjs:1202:19) {
  data: {
    id: 2484,
    collection: 'rag-chunks',
    errors: [ [Object] ],
    global: undefined
  },
  isOperational: true,
  isPublic: true,
  status: 400,
  [cause]: {
    id: 2484,
    collection: 'rag-chunks',
    errors: [ [Object] ],
    global: undefined
  }
}
