[rag-runner 2026-03-28T21:56:13.066Z] starting {
  appRoot: 'C:\\Users\\benja\\Documents\\custom_portfolio\\apps\\portfolio'
}
[rag-runner 2026-03-28T21:56:13.071Z] bundling entry {
  entry: 'C:\\Users\\benja\\Documents\\custom_portfolio\\apps\\portfolio\\scripts\\rag-ingest-entry.ts'
}
[rag-runner 2026-03-28T21:56:13.123Z] bundle ready {
  outfile: 'C:\\Users\\benja\\Documents\\custom_portfolio\\apps\\portfolio\\.tmp\\portfolio-rag-Wiq8Vg\\rag-ingest.mjs'
}
[rag-ingest 2026-03-28T21:56:15.802Z] starting ingest run {
  triggeredBy: 'script',
  payloadDb: 'C:\\Users\\benja\\Documents\\custom_portfolio\\apps\\portfolio\\portfolio.db'
}
[rag-ingest 2026-03-28T21:56:15.810Z] payload db cleanup complete
[⣷] Pulling schema from database...
[2K[1G[✓] Pulling schema from database...
[16:56:16] [33mWARN[39m: [36mNo email adapter provided. Email will be written to console. More info at https://payloadcms.com/docs/email/overview.[39m
[rag-ingest 2026-03-28T21:56:16.189Z] payload client ready
[rag-ingest 2026-03-28T21:56:16.246Z] ingest run created { runId: '6' }
[rag-ingest 2026-03-28T21:56:16.497Z] source snapshot loaded { sourceCount: 37 }
[rag-ingest 2026-03-28T21:56:16.515Z] loaded existing payload state { existingSourceCount: 37, activeRunId: null }
[rag-ingest 2026-03-28T21:56:16.516Z] stale source scan complete { deletedSources: 0 }
[rag-ingest 2026-03-28T21:56:16.532Z] embedding source chunks {
  sourceId: 'blog:building-a-file-based-portfolio-with-nextjs-and-mdx',
  chunkCount: 19
}
[rag-ingest 2026-03-28T21:56:17.576Z] embedding source chunks {
  sourceId: 'blog:building-a-game-cms-enterprise-narrative-platform',
  chunkCount: 12
}
[rag-ingest 2026-03-28T21:56:18.576Z] embedding source chunks {
  sourceId: 'blog:building-colorfull-ai-technologies-that-scaled',
  chunkCount: 18
}
[rag-ingest 2026-03-28T21:56:19.524Z] embedding source chunks { sourceId: 'blog:building-the-richepub-toolchain', chunkCount: 4 }
[rag-ingest 2026-03-28T21:56:19.791Z] embedding source chunks { sourceId: 'blog:introducing-richepub', chunkCount: 4 }
[rag-ingest 2026-03-28T21:56:20.117Z] embedding source chunks {
  sourceId: 'blog:making-the-site-more-personal-reader-and-repo-structure',
  chunkCount: 16
}
[rag-ingest 2026-03-28T21:56:20.723Z] embedding source chunks { sourceId: 'blog:reading-repub-in-the-browser', chunkCount: 4 }
[rag-ingest 2026-03-28T21:56:21.064Z] embedding source chunks { sourceId: 'blog:richepub-format-spec', chunkCount: 5 }
[rag-ingest 2026-03-28T21:56:21.347Z] embedding source chunks { sourceId: 'docs:books/book-structure', chunkCount: 6 }
[rag-ingest 2026-03-28T21:56:21.783Z] embedding source chunks { sourceId: 'docs:books/mordreds-tale-decisions', chunkCount: 2 }
[rag-ingest 2026-03-28T21:56:22.156Z] source progress {
  processedSources: 10,
  totalSources: 37,
  indexedChunks: 90,
  reusedChunks: 0,
  newlyEmbeddedSources: 10
}
[rag-ingest 2026-03-28T21:56:22.162Z] embedding source chunks { sourceId: 'docs:books/mordreds-tale-outline', chunkCount: 16 }
[rag-ingest 2026-03-28T21:56:27.240Z] embedding source chunks { sourceId: 'docs:books/mordreds-tale-state', chunkCount: 8 }
[rag-ingest 2026-03-28T21:56:27.774Z] embedding source chunks { sourceId: 'docs:books/mordreds-tale-task-registry', chunkCount: 6 }
[rag-ingest 2026-03-28T21:56:28.632Z] embedding source chunks { sourceId: 'docs:books/reader', chunkCount: 4 }
[rag-ingest 2026-03-28T21:56:29.060Z] embedding source chunks { sourceId: 'docs:dialogue-forge/architecture', chunkCount: 2 }
[rag-ingest 2026-03-28T21:56:29.492Z] embedding source chunks { sourceId: 'docs:dialogue-forge/dialogue-nodes', chunkCount: 11 }
[rag-ingest 2026-03-28T21:56:29.973Z] embedding source chunks { sourceId: 'docs:dialogue-forge/editing-guide', chunkCount: 6 }
[rag-ingest 2026-03-28T21:56:30.258Z] embedding source chunks { sourceId: 'docs:dialogue-forge/getting-started', chunkCount: 5 }
[rag-ingest 2026-03-28T21:56:30.747Z] embedding source chunks { sourceId: 'docs:dialogue-forge/overview', chunkCount: 6 }
[rag-ingest 2026-03-28T21:56:31.128Z] embedding source chunks { sourceId: 'docs:dialogue-forge/yarn-spinner', chunkCount: 7 }
[rag-ingest 2026-03-28T21:56:31.539Z] source progress {
  processedSources: 20,
  totalSources: 37,
  indexedChunks: 161,
  reusedChunks: 0,
  newlyEmbeddedSources: 20
}
[rag-ingest 2026-03-28T21:56:31.544Z] embedding source chunks {
  sourceId: 'docs:documentation/architecture-conventions',
  chunkCount: 8
}
[rag-ingest 2026-03-28T21:56:32.007Z] embedding source chunks { sourceId: 'docs:documentation/design-styling', chunkCount: 7 }
[rag-ingest 2026-03-28T21:56:32.365Z] embedding source chunks {
  sourceId: 'docs:documentation/portfolio-experience-redesign',
  chunkCount: 10
}
[rag-ingest 2026-03-28T21:56:32.858Z] embedding source chunks {
  sourceId: 'docs:documentation/resume-design-guidelines',
  chunkCount: 5
}
[rag-ingest 2026-03-28T21:56:33.402Z] embedding source chunks { sourceId: 'docs:documentation/vendoring', chunkCount: 7 }
[rag-ingest 2026-03-28T21:56:33.955Z] embedding source chunks {
  sourceId: 'docs:magicborn/borrowed-magic-and-the-relic-economy',
  chunkCount: 6
}
[rag-ingest 2026-03-28T21:56:34.463Z] embedding source chunks { sourceId: 'docs:magicborn/house-of-small-mercies', chunkCount: 6 }
[rag-ingest 2026-03-28T21:56:34.888Z] embedding source chunks {
  sourceId: 'docs:magicborn/jack-of-taro-and-the-logic-of-worth',
  chunkCount: 6
}
[rag-ingest 2026-03-28T21:56:35.356Z] embedding source chunks { sourceId: 'docs:magicborn/morgana-the-sleeping-root', chunkCount: 6 }
[rag-ingest 2026-03-28T21:56:35.814Z] embedding source chunks { sourceId: 'docs:repo-planner/getting-started', chunkCount: 3 }
[rag-ingest 2026-03-28T21:56:36.173Z] source progress {
  processedSources: 30,
  totalSources: 37,
  indexedChunks: 225,
  reusedChunks: 0,
  newlyEmbeddedSources: 30
}
[rag-ingest 2026-03-28T21:56:36.181Z] embedding source chunks { sourceId: 'docs:repo-planner/integration', chunkCount: 6 }
[rag-ingest 2026-03-28T21:56:36.864Z] embedding source chunks {
  sourceId: 'projects:bashful-ai-stable-diffusion-photoshop-plugin',
  chunkCount: 8
}
[rag-ingest 2026-03-28T21:56:37.403Z] embedding source chunks {
  sourceId: 'projects:colorfull-corporate-meal-delivery-platform',
  chunkCount: 32
}
[rag-ingest 2026-03-28T21:56:38.556Z] embedding source chunks {
  sourceId: 'projects:cvjson-computer-vision-json-library',
  chunkCount: 31
}
[rag-ingest 2026-03-28T21:56:39.624Z] embedding source chunks {
  sourceId: 'projects:dialogue-forge-interactive-narrative-builder',
  chunkCount: 11
}
[rag-ingest 2026-03-28T21:56:40.152Z] embedding source chunks {
  sourceId: 'projects:object-detection-ex-ml-optimization-framework',
  chunkCount: 14
}
[rag-ingest 2026-03-28T21:56:40.739Z] embedding source chunks {
  sourceId: 'projects:rapidcli-service-oriented-cli-framework',
  chunkCount: 41
}
[rag-ingest 2026-03-28T21:56:41.657Z] source progress {
  processedSources: 37,
  totalSources: 37,
  indexedChunks: 368,
  reusedChunks: 0,
  newlyEmbeddedSources: 37
}
[rag-ingest 2026-03-28T21:56:41.658Z] writing sidecar search rows { rowCount: 368, runId: '6' }
[rag-ingest 2026-03-28T21:56:41.664Z] ingest run failed {
  name: 'SqliteError',
  message: 'Only integers are allows for primary key values on rag_chunk_vectors',
  stack: 'SqliteError: Only integers are allows for primary key values on rag_chunk_vectors\n' +
    '    at convertError (C:\\Users\\benja\\Documents\\custom_portfolio\\node_modules\\.pnpm\\libsql@0.5.29\\node_modules\\libsql\\index.js:59:12)\n' +
    '    at Statement.run (C:\\Users\\benja\\Documents\\custom_portfolio\\node_modules\\.pnpm\\libsql@0.5.29\\node_modules\\libsql\\index.js:335:13)\n' +
    '    at file:///C:/Users/benja/Documents/custom_portfolio/apps/portfolio/.tmp/portfolio-rag-Wiq8Vg/rag-ingest.mjs:623:17\n' +
    '    at C:\\Users\\benja\\Documents\\custom_portfolio\\node_modules\\.pnpm\\libsql@0.5.29\\node_modules\\libsql\\index.js:149:26\n' +
    '    at replaceRunChunks (file:///C:/Users/benja/Documents/custom_portfolio/apps/portfolio/.tmp/portfolio-rag-Wiq8Vg/rag-ingest.mjs:626:3)\n' +
    '    at ingestRagCorpus (file:///C:/Users/benja/Documents/custom_portfolio/apps/portfolio/.tmp/portfolio-rag-Wiq8Vg/rag-ingest.mjs:1134:5)\n' +
    '    at process.processTicksAndRejections (node:internal/process/task_queues:103:5)\n' +
    '    at async main (file:///C:/Users/benja/Documents/custom_portfolio/apps/portfolio/.tmp/portfolio-rag-Wiq8Vg/rag-ingest.mjs:1201:19)'
}
[rag-runner 2026-03-28T22:19:45.969Z] child process finished { status: 1, signal: null }
[rag-runner 2026-03-28T22:19:45.995Z] cleaned temp bundle {
  tempDir: 'C:\\Users\\benja\\Documents\\custom_portfolio\\apps\\portfolio\\.tmp\\portfolio-rag-Wiq8Vg'
}
